[ 2016-06-03T22:42:53+08:00 ] 127.0.0.1 /hugong/index.php
INFO: [ app_init ] --START--
INFO: Run Behavior\BuildLiteBehavior [ RunTime:0.000011s ]
INFO: [ app_init ] --END-- [ RunTime:0.000855s ]
INFO: [ app_begin ] --START--
INFO: Run Behavior\ReadHtmlCacheBehavior [ RunTime:0.000602s ]
INFO: [ app_begin ] --END-- [ RunTime:0.000629s ]
INFO: [ view_parse ] --START--
INFO: [ template_filter ] --START--
INFO: Run Behavior\ContentReplaceBehavior [ RunTime:0.000020s ]
INFO: [ template_filter ] --END-- [ RunTime:0.000064s ]
INFO: Run Behavior\ParseTemplateBehavior [ RunTime:0.007081s ]
INFO: [ view_parse ] --END-- [ RunTime:0.007195s ]
INFO: [ view_filter ] --START--
INFO: Run Behavior\WriteHtmlCacheBehavior [ RunTime:0.000507s ]
INFO: [ view_filter ] --END-- [ RunTime:0.000538s ]
INFO: [ app_end ] --START--
INFO: Run Behavior\ShowPageTraceBehavior [ RunTime:0.000699s ]
INFO: [ app_end ] --END-- [ RunTime:0.000724s ]

[ 2016-06-03T22:42:53+08:00 ] 127.0.0.1 /hugong/index.php/Home/Index/ajax?place=0&type=0&ability=0&wage=0&sort=0
INFO: [ app_init ] --START--
INFO: Run Behavior\BuildLiteBehavior [ RunTime:0.000014s ]
INFO: [ app_init ] --END-- [ RunTime:0.000290s ]
INFO: [ app_begin ] --START--
INFO: Run Behavior\ReadHtmlCacheBehavior [ RunTime:0.000331s ]
INFO: [ app_begin ] --END-- [ RunTime:0.000359s ]
NOTIC: [8] Undefined index: page /Users/mrzxc/Sites/hugong/Application/Home/Controller/IndexController.class.php 第 14 行.
SQL: SHOW COLUMNS FROM `worker_information` [ RunTime:0.0106s ]
SQL: SELECT `id`,`place`,`wage`,`type`,`src`,`star`,`ability` FROM `worker_information` WHERE `status` = 0  [ RunTime:0.0035s ]
INFO: [ app_end ] --START--
INFO: Run Behavior\ShowPageTraceBehavior [ RunTime:0.000505s ]
INFO: [ app_end ] --END-- [ RunTime:0.000552s ]

